<?xml version="1.0" encoding="UTF-8"?>
<!-- Generated by org.testng.reporters.JUnitXMLReporter -->
<testsuite hostname="BobITs-Mac-mini.fios-router.home" ignored="0" name="Default test" tests="3" failures="0" timestamp="2021-03-20T12:09:07 EDT" time="30.024" errors="0">
  <testcase name="createContactsTest" time="0.654" classname="tests.LoginParallelTest"/>
  <testcase name="createContactsTest" time="0.494" classname="tests.LoginParallelTest"/>
  <testcase name="createContactsTest" time="0.55" classname="tests.LoginParallelTest"/>
</testsuite> <!-- Default test -->
